#0 building with "desktop-linux" instance using docker driver

#1 [internal] load build definition from Dockerfile
#1 transferring dockerfile:
#1 transferring dockerfile: 849B 0.1s done
#1 DONE 0.9s

#2 [internal] load metadata for docker.io/library/python:3.14-slim
#2 DONE 1.6s

#3 [internal] load .dockerignore
#3 transferring context:
#3 transferring context: 309B 0.1s done
#3 DONE 0.6s

#4 [1/8] FROM docker.io/library/python:3.14-slim@sha256:d3400aa122fa42cf0af0dbe8ec3091b047eac5c8f7e3539f7135e86d855dc015
#4 resolve docker.io/library/python:3.14-slim@sha256:d3400aa122fa42cf0af0dbe8ec3091b047eac5c8f7e3539f7135e86d855dc015 0.2s done
#4 DONE 0.2s

#5 [2/8] WORKDIR /app
#5 CACHED

#6 [3/8] RUN addgroup --system app && adduser --system --ingroup app app
#6 CACHED

#7 [internal] load build context
#7 transferring context: 44.21kB 0.2s done
#7 DONE 0.3s

#8 [4/8] COPY packages/python/platform-sdk /workspace/platform-sdk
#8 DONE 0.2s

#9 [5/8] COPY apps/access-service/pyproject.toml ./pyproject.toml
#9 DONE 0.3s

#10 [6/8] COPY apps/access-service/src ./src
#10 DONE 0.5s

#11 [7/8] COPY apps/access-service/scripts ./scripts
#11 DONE 0.9s

#12 [8/8] RUN python -m pip install --upgrade pip     && python -m pip install /workspace/platform-sdk .     && rm -rf /workspace
#12 21.33 Requirement already satisfied: pip in /usr/local/lib/python3.14/site-packages (26.1.2)
#12 24.04 WARNING: Running pip as the 'root' user can result in broken permissions and conflicting behaviour with the system package manager, possibly rendering your system unusable. It is recommended to use a virtual environment instead: https://pip.pypa.io/warnings/venv. Use the --root-user-action option if you know what you are doing and want to suppress this warning.
#12 41.26 Processing /workspace/platform-sdk
#12 41.28   Installing build dependencies: started
#12 57.44   Installing build dependencies: finished with status 'done'
#12 57.45   Getting requirements to build wheel: started
#12 62.94   Getting requirements to build wheel: finished with status 'done'
#12 62.95   Preparing metadata (pyproject.toml): started
#12 74.78   Preparing metadata (pyproject.toml): finished with status 'done'
#12 74.83 Processing ./.
#12 74.85   Installing build dependencies: started
#12 91.49   Installing build dependencies: finished with status 'done'
#12 91.51   Getting requirements to build wheel: started
#12 100.4   Getting requirements to build wheel: finished with status 'done'
#12 100.4   Preparing metadata (pyproject.toml): started
#12 107.3   Preparing metadata (pyproject.toml): finished with status 'done'
#12 107.9 Collecting fastapi<0.137.0,>=0.136.3 (from prom-platform-sdk==0.1.0)
#12 108.4   Downloading fastapi-0.136.3-py3-none-any.whl.metadata (27 kB)
#12 108.6 Collecting PyJWT<3.0.0,>=2.10.0 (from prom-platform-sdk==0.1.0)
#12 108.7   Downloading pyjwt-2.13.0-py3-none-any.whl.metadata (3.4 kB)
#12 109.9 Collecting pydantic<3.0.0,>=2.11.0 (from prom-platform-sdk==0.1.0)
#12 110.0   Downloading pydantic-2.13.4-py3-none-any.whl.metadata (109 kB)
#12 110.3 Collecting pydantic-settings<3.0.0,>=2.8.0 (from prom-platform-sdk==0.1.0)
#12 110.4   Downloading pydantic_settings-2.14.2-py3-none-any.whl.metadata (3.4 kB)
#12 113.3 Collecting SQLAlchemy<3.0.0,>=2.0.40 (from prom-platform-sdk==0.1.0)
#12 113.4   Downloading sqlalchemy-2.0.51-cp314-cp314-manylinux2014_x86_64.manylinux_2_17_x86_64.manylinux_2_28_x86_64.whl.metadata (9.5 kB)
#12 113.6 Collecting alembic<2.0.0,>=1.17.0 (from prom-access-service==0.1.0)
#12 113.7   Downloading alembic-1.18.5-py3-none-any.whl.metadata (7.2 kB)
#12 115.2 Collecting cryptography<47.0.0,>=46.0.0 (from prom-access-service==0.1.0)
#12 115.3   Downloading cryptography-46.0.7-cp311-abi3-manylinux_2_34_x86_64.whl.metadata (5.7 kB)
#12 115.4 Collecting psycopg<4.0.0,>=3.2.0 (from psycopg[binary]<4.0.0,>=3.2.0->prom-access-service==0.1.0)
#12 115.5   Downloading psycopg-3.3.4-py3-none-any.whl.metadata (4.3 kB)
#12 115.7 Collecting uvicorn<1.0.0,>=0.35.0 (from uvicorn[standard]<1.0.0,>=0.35.0->prom-access-service==0.1.0)
#12 115.8   Downloading uvicorn-0.51.0-py3-none-any.whl.metadata (6.6 kB)
#12 115.9 Collecting Mako (from alembic<2.0.0,>=1.17.0->prom-access-service==0.1.0)
#12 116.0   Downloading mako-1.3.12-py3-none-any.whl.metadata (2.9 kB)
#12 116.1 Collecting typing-extensions>=4.12 (from alembic<2.0.0,>=1.17.0->prom-access-service==0.1.0)
#12 116.2   Downloading typing_extensions-4.16.0-py3-none-any.whl.metadata (3.3 kB)
#12 116.6 Collecting cffi>=2.0.0 (from cryptography<47.0.0,>=46.0.0->prom-access-service==0.1.0)
#12 116.7   Downloading cffi-2.1.0-cp314-cp314-manylinux2014_x86_64.manylinux_2_17_x86_64.whl.metadata (2.5 kB)
#12 116.8 Collecting starlette>=0.46.0 (from fastapi<0.137.0,>=0.136.3->prom-platform-sdk==0.1.0)
#12 116.9   Downloading starlette-1.3.1-py3-none-any.whl.metadata (6.4 kB)
#12 117.0 Collecting typing-inspection>=0.4.2 (from fastapi<0.137.0,>=0.136.3->prom-platform-sdk==0.1.0)
#12 117.0   Downloading typing_inspection-0.4.2-py3-none-any.whl.metadata (2.6 kB)
#12 117.1 Collecting annotated-doc>=0.0.2 (from fastapi<0.137.0,>=0.136.3->prom-platform-sdk==0.1.0)
#12 117.2   Downloading annotated_doc-0.0.4-py3-none-any.whl.metadata (6.6 kB)
#12 117.8 Collecting psycopg-binary==3.3.4 (from psycopg[binary]<4.0.0,>=3.2.0->prom-access-service==0.1.0)
#12 117.9   Downloading psycopg_binary-3.3.4-cp314-cp314-manylinux2014_x86_64.manylinux_2_17_x86_64.whl.metadata (2.7 kB)
#12 118.0 Collecting annotated-types>=0.6.0 (from pydantic<3.0.0,>=2.11.0->prom-platform-sdk==0.1.0)
#12 118.0   Downloading annotated_types-0.7.0-py3-none-any.whl.metadata (15 kB)
#12 122.2 Collecting pydantic-core==2.46.4 (from pydantic<3.0.0,>=2.11.0->prom-platform-sdk==0.1.0)
#12 122.2   Downloading pydantic_core-2.46.4-cp314-cp314-manylinux_2_17_x86_64.manylinux2014_x86_64.whl.metadata (6.6 kB)
#12 122.4 Collecting python-dotenv>=0.21.0 (from pydantic-settings<3.0.0,>=2.8.0->prom-platform-sdk==0.1.0)
#12 122.4   Downloading python_dotenv-1.2.2-py3-none-any.whl.metadata (27 kB)
#12 123.4 Collecting greenlet>=1 (from SQLAlchemy<3.0.0,>=2.0.40->prom-platform-sdk==0.1.0)
#12 123.5   Downloading greenlet-3.5.3-cp314-cp314-manylinux_2_24_x86_64.manylinux_2_28_x86_64.whl.metadata (3.8 kB)
#12 123.7 Collecting click>=7.0 (from uvicorn<1.0.0,>=0.35.0->uvicorn[standard]<1.0.0,>=0.35.0->prom-access-service==0.1.0)
#12 123.8   Downloading click-8.4.2-py3-none-any.whl.metadata (2.6 kB)
#12 123.9 Collecting h11>=0.8 (from uvicorn<1.0.0,>=0.35.0->uvicorn[standard]<1.0.0,>=0.35.0->prom-access-service==0.1.0)
#12 123.9   Downloading h11-0.16.0-py3-none-any.whl.metadata (8.3 kB)
#12 124.2 Collecting httptools>=0.8.0 (from uvicorn[standard]<1.0.0,>=0.35.0->prom-access-service==0.1.0)
#12 124.3   Downloading httptools-0.8.0-cp314-cp314-manylinux1_x86_64.manylinux_2_28_x86_64.manylinux_2_5_x86_64.whl.metadata (3.5 kB)
#12 124.5 Collecting pyyaml>=5.1 (from uvicorn[standard]<1.0.0,>=0.35.0->prom-access-service==0.1.0)
#12 124.5   Downloading pyyaml-6.0.3-cp314-cp314-manylinux2014_x86_64.manylinux_2_17_x86_64.manylinux_2_28_x86_64.whl.metadata (2.4 kB)
#12 124.7 Collecting uvloop>=0.15.1 (from uvicorn[standard]<1.0.0,>=0.35.0->prom-access-service==0.1.0)
#12 124.8   Downloading uvloop-0.22.1-cp314-cp314-manylinux2014_x86_64.manylinux_2_17_x86_64.manylinux_2_28_x86_64.whl.metadata (4.9 kB)
#12 125.1 Collecting watchfiles>=0.20 (from uvicorn[standard]<1.0.0,>=0.35.0->prom-access-service==0.1.0)
#12 125.1   Downloading watchfiles-1.2.0-cp314-cp314-manylinux_2_17_x86_64.manylinux2014_x86_64.whl.metadata (4.9 kB)
#12 125.6 Collecting websockets>=13.0 (from uvicorn[standard]<1.0.0,>=0.35.0->prom-access-service==0.1.0)
#12 125.7   Downloading websockets-16.1-cp314-cp314-manylinux1_x86_64.manylinux_2_28_x86_64.manylinux_2_5_x86_64.whl.metadata (6.8 kB)
#12 125.8 Collecting pycparser (from cffi>=2.0.0->cryptography<47.0.0,>=46.0.0->prom-access-service==0.1.0)
#12 125.9   Downloading pycparser-3.0-py3-none-any.whl.metadata (8.2 kB)
#12 126.0 Collecting anyio<5,>=3.6.2 (from starlette>=0.46.0->fastapi<0.137.0,>=0.136.3->prom-platform-sdk==0.1.0)
#12 126.1   Downloading anyio-4.14.2-py3-none-any.whl.metadata (4.6 kB)
#12 126.2 Collecting idna>=2.8 (from anyio<5,>=3.6.2->starlette>=0.46.0->fastapi<0.137.0,>=0.136.3->prom-platform-sdk==0.1.0)
#12 126.3   Downloading idna-3.18-py3-none-any.whl.metadata (6.1 kB)
#12 126.6 Collecting MarkupSafe>=0.9.2 (from Mako->alembic<2.0.0,>=1.17.0->prom-access-service==0.1.0)
#12 126.6   Downloading markupsafe-3.0.3-cp314-cp314-manylinux2014_x86_64.manylinux_2_17_x86_64.manylinux_2_28_x86_64.whl.metadata (2.7 kB)
#12 126.7 Downloading alembic-1.18.5-py3-none-any.whl (264 kB)
#12 126.9 Downloading cryptography-46.0.7-cp311-abi3-manylinux_2_34_x86_64.whl (4.5 MB)
#12 129.0    ━━━━━━━━━━━━━━━━━━━━━━━━━━━━━━━━━━━━━━━━ 4.5/4.5 MB 2.1 MB/s  0:00:02
#12 129.1 Downloading fastapi-0.136.3-py3-none-any.whl (117 kB)
#12 129.2 Downloading psycopg-3.3.4-py3-none-any.whl (213 kB)
#12 129.4 Downloading psycopg_binary-3.3.4-cp314-cp314-manylinux2014_x86_64.manylinux_2_17_x86_64.whl (5.2 MB)
#12 134.4    ━━━━━━━━━━━━━━━━━━━━━━━━━━━━━━━━━━━━━━━━ 5.2/5.2 MB 1.0 MB/s  0:00:04
#12 134.6 Downloading pydantic-2.13.4-py3-none-any.whl (472 kB)
#12 135.3 Downloading pydantic_core-2.46.4-cp314-cp314-manylinux_2_17_x86_64.manylinux2014_x86_64.whl (2.1 MB)
#12 136.4    ━━━━━━━━━━━━━━━━━━━━━━━━━━━━━━━━━━━━━━━━ 2.1/2.1 MB 2.2 MB/s  0:00:01
#12 136.4 Downloading pydantic_settings-2.14.2-py3-none-any.whl (61 kB)
#12 136.5 Downloading pyjwt-2.13.0-py3-none-any.whl (31 kB)
#12 136.7 Downloading sqlalchemy-2.0.51-cp314-cp314-manylinux2014_x86_64.manylinux_2_17_x86_64.manylinux_2_28_x86_64.whl (3.3 MB)
#12 139.5    ━━━━━━━━━━━━━━━━━━━━━━━━━━━━━━━━━━━━━━━━ 3.3/3.3 MB 1.2 MB/s  0:00:02
#12 139.6 Downloading uvicorn-0.51.0-py3-none-any.whl (73 kB)
#12 139.7 Downloading annotated_doc-0.0.4-py3-none-any.whl (5.3 kB)
#12 139.8 Downloading annotated_types-0.7.0-py3-none-any.whl (13 kB)
#12 140.1 Downloading cffi-2.1.0-cp314-cp314-manylinux2014_x86_64.manylinux_2_17_x86_64.whl (221 kB)
#12 140.4 Downloading click-8.4.2-py3-none-any.whl (119 kB)
#12 140.7 Downloading greenlet-3.5.3-cp314-cp314-manylinux_2_24_x86_64.manylinux_2_28_x86_64.whl (663 kB)
#12 141.3    ━━━━━━━━━━━━━━━━━━━━━━━━━━━━━━━━━━━━━━━━ 663.6/663.6 kB 1.0 MB/s  0:00:00
#12 141.4 Downloading h11-0.16.0-py3-none-any.whl (37 kB)
#12 141.5 Downloading httptools-0.8.0-cp314-cp314-manylinux1_x86_64.manylinux_2_28_x86_64.manylinux_2_5_x86_64.whl (481 kB)
#12 141.9 Downloading python_dotenv-1.2.2-py3-none-any.whl (22 kB)
#12 142.0 Downloading pyyaml-6.0.3-cp314-cp314-manylinux2014_x86_64.manylinux_2_17_x86_64.manylinux_2_28_x86_64.whl (794 kB)
#12 142.5    ━━━━━━━━━━━━━━━━━━━━━━━━━━━━━━━━━━━━━━━━ 794.2/794.2 kB 1.9 MB/s  0:00:00
#12 142.6 Downloading starlette-1.3.1-py3-none-any.whl (73 kB)
#12 142.7 Downloading anyio-4.14.2-py3-none-any.whl (125 kB)
#12 142.9 Downloading idna-3.18-py3-none-any.whl (65 kB)
#12 143.0 Downloading typing_extensions-4.16.0-py3-none-any.whl (45 kB)
#12 143.1 Downloading typing_inspection-0.4.2-py3-none-any.whl (14 kB)
#12 143.2 Downloading uvloop-0.22.1-cp314-cp314-manylinux2014_x86_64.manylinux_2_17_x86_64.manylinux_2_28_x86_64.whl (4.3 MB)
#12 148.5    ━━━━━━━━━━━━━━━━━━━━━━━━━━━━━━━━━━━━━━━━ 4.3/4.3 MB 845.4 kB/s  0:00:05
#12 148.6 Downloading watchfiles-1.2.0-cp314-cp314-manylinux_2_17_x86_64.manylinux2014_x86_64.whl (453 kB)
#12 149.0 Downloading websockets-16.1-cp314-cp314-manylinux1_x86_64.manylinux_2_28_x86_64.manylinux_2_5_x86_64.whl (187 kB)
#12 149.6 Downloading mako-1.3.12-py3-none-any.whl (78 kB)
#12 149.9 Downloading markupsafe-3.0.3-cp314-cp314-manylinux2014_x86_64.manylinux_2_17_x86_64.manylinux_2_28_x86_64.whl (23 kB)
#12 150.2 Downloading pycparser-3.0-py3-none-any.whl (48 kB)
#12 151.0 Building wheels for collected packages: prom-platform-sdk, prom-access-service
#12 151.0   Building wheel for prom-platform-sdk (pyproject.toml): started
#12 163.4   Building wheel for prom-platform-sdk (pyproject.toml): finished with status 'done'
#12 163.4   Created wheel for prom-platform-sdk: filename=prom_platform_sdk-0.1.0-py3-none-any.whl size=5792 sha256=4218d221597bc276dd36758e7d5940ad15dc8336185505a54e202f00097e945e
#12 163.4   Stored in directory: /tmp/pip-ephem-wheel-cache-l67c5djh/wheels/94/ec/58/6720e4723679db4d19ca9058e66d1e057c7a9b8e4b5ab4ad70
#12 163.4   Building wheel for prom-access-service (pyproject.toml): started
#12 169.1   Building wheel for prom-access-service (pyproject.toml): finished with status 'done'
#12 169.1   Created wheel for prom-access-service: filename=prom_access_service-0.1.0-py3-none-any.whl size=12083 sha256=f18a8521dd0b5a0e113e2c0566e469ab21a0a0532d2071d9aba6a65cf79f0c76
#12 169.1   Stored in directory: /tmp/pip-ephem-wheel-cache-l67c5djh/wheels/b8/36/9c/914153c626bda53913fc1c371da41560e7caf866363da7bf04
#12 169.1 Successfully built prom-platform-sdk prom-access-service
#12 169.9 Installing collected packages: websockets, uvloop, typing-extensions, pyyaml, python-dotenv, PyJWT, pycparser, psycopg-binary, psycopg, MarkupSafe, idna, httptools, h11, greenlet, click, annotated-types, annotated-doc, uvicorn, typing-inspection, SQLAlchemy, pydantic-core, Mako, cffi, anyio, watchfiles, starlette, pydantic, cryptography, alembic, pydantic-settings, fastapi, prom-platform-sdk, prom-access-service
#12 199.7 
#12 199.8 Successfully installed Mako-1.3.12 MarkupSafe-3.0.3 PyJWT-2.13.0 SQLAlchemy-2.0.51 alembic-1.18.5 annotated-doc-0.0.4 annotated-types-0.7.0 anyio-4.14.2 cffi-2.1.0 click-8.4.2 cryptography-46.0.7 fastapi-0.136.3 greenlet-3.5.3 h11-0.16.0 httptools-0.8.0 idna-3.18 prom-access-service-0.1.0 prom-platform-sdk-0.1.0 psycopg-3.3.4 psycopg-binary-3.3.4 pycparser-3.0 pydantic-2.13.4 pydantic-core-2.46.4 pydantic-settings-2.14.2 python-dotenv-1.2.2 pyyaml-6.0.3 starlette-1.3.1 typing-extensions-4.16.0 typing-inspection-0.4.2 uvicorn-0.51.0 uvloop-0.22.1 watchfiles-1.2.0 websockets-16.1
#12 199.8 WARNING: Running pip as the 'root' user can result in broken permissions and conflicting behaviour with the system package manager, possibly rendering your system unusable. It is recommended to use a virtual environment instead: https://pip.pypa.io/warnings/venv. Use the --root-user-action option if you know what you are doing and want to suppress this warning.
#12 DONE 202.9s

#13 exporting to image
#13 exporting layers
#13 exporting layers 18.8s done
#13 exporting manifest sha256:d5d431ce8e1b8d3d0d57a4b2e646504c5289002d3edf383ceece705b4821f94a 0.0s done
#13 exporting config sha256:4d77010af486573ecb3d6e6d3bf8804dff9f2271b4e0f8d6f86f159c122314c8 0.0s done
#13 exporting attestation manifest sha256:f18e0c99070bdf2a48e9bd5d436ce4f7ac358f1e5efa50420518b66c625a965f
#13 exporting attestation manifest sha256:f18e0c99070bdf2a48e9bd5d436ce4f7ac358f1e5efa50420518b66c625a965f 0.1s done
#13 exporting manifest list sha256:dc73f051176d706ce18faf365e76469ebf1b1c4eb24cc6dffd38bee8e05c8bbf 0.0s done
#13 naming to docker.io/library/prom-access-service:local 0.0s done
#13 unpacking to docker.io/library/prom-access-service:local
#13 unpacking to docker.io/library/prom-access-service:local 5.8s done
#13 DONE 25.1s
